============================================================
ЁЯЪА Batch Leela Content Generator
============================================================

ЁЯУВ Loading transcripts...
   Found 156 transcripts
   Resuming from 21 existing articles

ЁЯФД Generating content for: рдЕрдирдВрддрд░рд╛рд╡ рдкрд╛рдЯрдгрдХрд░ рдЬреА рдХреА рдирд╡рд╡рд┐рдзрд╛ рднрдХреНрддреА
   YouTube ID: KF8zIEAovDo
   тЬЕ Generated successfully!
   тЪая╕П Skipped: Transcript is too short or missing (less than 100 characters)

ЁЯФД Generating content for: рд╕рд╣реА рд╕рд╛рдзрдирд╛ рд╕рд╣реА рд╕рдордп рдкрд░ !
   YouTube ID: t_ZuqQS1-io
   тЬЕ Generated successfully!
   тЪая╕П Skipped: Transcript is too short or missing (less than 100 characters)

ЁЯФД Generating content for: "рдирд╛ рдХреБрдЫ рд╕реЗ... рд╕рдмрдХреБрдЫ" (рд╕рдкрдЯрдиреЗрдХрд░ рдХреА рдмреЛрдз рдХрдерд╛) / рд╕рд╛рдИрднрдХреНрдд рд╕рдкрдЯрдиреЗрдХрд░рд╛рдВрдЪреА рдмреЛрдзрдХрдерд╛
   YouTube ID: U82OeDQUy18
   тЬЕ Generated successfully!
   тЪая╕П Skipped: Transcript is too short or missing (less than 100 characters)

ЁЯФД Generating content for: рд╕рддреНрдкреБрд░реБрд╖ рдФрд░ рдорд╣рд╛рдкреБрд░реБрд╖ рдореЗрдВ рдХреНрдпрд╛ рдЕрдВрддрд░ рд╣реИрдВ? / Difference between Satpurush and Mahapurush.
   YouTube ID: BnWXQXZQL9E
   тЬЕ Generated successfully!
   тЪая╕П Skipped: Transcript is too short or missing (less than 100 characters)

ЁЯФД Generating content for: рдИрд╢рд╛рд╡рд╛рд╕реНрдп рдЙрдкрдирд┐рд╖рдж рд╕рд╛рд░ - рд╕рд╛рдИ рд╡рд╛рдгреА
   YouTube ID: 9djOwNqGUYo
   тЬЕ Generated successfully!
   тЪая╕П Skipped: Transcript is too short or missing (less than 100 characters)

ЁЯФД Generating content for: рдПрдХ рдирд░ рд╣реА рдирд╛рд░рд╛рдпрдг рдмрдирдХрд░ рдЕрд╡рддрд╛рд░ рд▓реЗрддреЗ рд╣реИ
   YouTube ID: GoV5ZVP9cpo
   тЬЕ Generated successfully!
   ЁЯУЭ Added article ID 121: It Begins and Ends in Bhakti: The Secret of Avatarhood
   ЁЯТ╛ Auto-saving progress...
   тП▒я╕П Waiting 3s before next call... (26/156)

ЁЯФД Generating content for: рддреНрд░рд┐рдЧреБрдг рдХреНрдпрд╛ рд╣реИ ? рддрдореЛрдЧреБрдг рд░рдЬреЛрдЧреБрдг рд╕рддреНрддреНрд╡рдЧреБрдг
   YouTube ID: v1KkkTWR-dg
   тЬЕ Generated successfully!
   ЁЯУЭ Added article ID 122: The Three Gunas and the King's Judgment: Ascending from Darkness to Nirguna
   тП▒я╕П Waiting 3s before next call... (27/156)

ЁЯФД Generating content for: Sai's hidden precious treasure
   YouTube ID: 1Xapmr_jwr4
   тЬЕ Generated successfully!
   ЁЯУЭ Added article ID 123: The Hidden Treasure: When Music Becomes Scripture
   ЁЯТ╛ Auto-saving progress...
   тП▒я╕П Waiting 3s before next call... (28/156)

ЁЯФД Generating content for: рдмрд╛рдмрд╛ рд╣рдВрдбреА рдмрдирд╛рддреЗ рд╕рдордп рдЪреБрд▓реЗ рдХреА рдЕрдЧреНрдиреА рдХрдо-рдЬреНрдпрд╛рджрд╛ рдХреНрдпреЛрдВ рдХрд░рддреЗ рдереЗрдВ ?
   YouTube ID: 5yDAhc7nQMs
   тЬЕ Generated successfully!
   ЁЯУЭ Added article ID 124: The Handi of the Soul: How Baba Cooks Us from Tamas to Nirvana
   тП▒я╕П Waiting 3s before next call... (29/156)

ЁЯФД Generating content for: рдХреНрдпрд╛ рдПрдХ рд╕рд╛рдзрд╛рд░рдг рдЗрдиреНрд╕рд╛рди рдХрд┐рд╕реА рдореБрд░реНрддреА рдореЗрдВ рдкреНрд░рд╛рдгреЛрдВ рдХреА рдкреНрд░рддрд┐рд╖реНрдард╛ рдХрд░ рд╕рдХрддрд╛ рд╣реИ ?
   YouTube ID: 6kbeZSRUPQw
   тЬЕ Generated successfully!
   тЪая╕П Skipped: Transcript is too short or missing (less than 100 characters)

ЁЯФД Generating content for: рд╢рд┐рд░реНрдбреА рдХреЗ рд╕рд╛рдИ рдордВрджрд┐рд░ рдореЗрдВ рдирдВрджреА рдХреНрдпреЛрдВ рд░рдЦрд╛ рд╣реИ?
   YouTube ID: UoZHvmif3tg
   тЬЕ Generated successfully!
   тЪая╕П Skipped: Transcript is too short or missing (less than 100 characters)

ЁЯФД Generating content for: Essence of two verses written in Shirdi Sai Temple
   YouTube ID: -rmmtOf3jMA
   тЬЕ Generated successfully!
   тЪая╕П Skipped: Transcript is too short or missing (less than 100 characters)

ЁЯФД Generating content for: рдЕрдирдВрдд рдХреЛрдЯреА рдмреНрд░рд╣реНрдорд╛рдВрдбрдирд╛рдпрдХ... ( рдЗрд╕ рдЬрдпрдХрд╛рд░реЗ рдХрд╛ рдорд╣рддреНрд╡)
   YouTube ID: TAwQaDNiYmk
   тЬЕ Generated successfully!
   тЪая╕П Skipped: Transcript is too short or missing (less than 100 characters)

ЁЯФД Generating content for: рд╢реНрд░реА рд╕рд╛рдИ рд╕рдЪреНрдЪрд░рд┐рдд рдХрд╛ рд╣реГрджрдп рдЕрдзреНрдпрд╛рдп 11 (рд╕рднреА рд▓рд┐рд▓рд╛рдУрдВ рдХрд╛ рд░рд╣рд╕реНрдп)
   YouTube ID: oeDtOJNXhhc
   тЬЕ Generated successfully!
   тЪая╕П Skipped: Transcript is too short or missing (less than 100 characters)

ЁЯФД Generating content for: рднрдХреНрддреА рдЬрд┐рддрдиреА рдмрдбрд╝рддреА рд╣реИ рдЙрддрдиреА рд╣реА рдорди рдХреА рдЧрдВрджрдЧреА рднреА рдмрдбрд╝рддреА рд╣реИ рдРрд╕рд╛ рдХреНрдпреЛрдВ ?
   YouTube ID: d56d5xBKqi0
   тЬЕ Generated successfully!
   ЁЯУЭ Added article ID 125: The Paradox of Purity: Why Deep Devotion Triggers Impure Thoughts
   ЁЯТ╛ Auto-saving progress...
   тП▒я╕П Waiting 3s before next call... (35/156)

ЁЯФД Generating content for: рддрди рдХреЛ рд╢реНрд░реГрдЧрд╛рдВрд░ рдорди рдХреЛ рджреБрддреНрдХрд╛рд░
   YouTube ID: YJ7wk1fBN2U
   тЬЕ Generated successfully!
   тЪая╕П Skipped: Transcript is too short or missing (less than 100 characters)

ЁЯФД Generating content for: рдХреНрдпрд╛ рд╣реИ рдЧрдгрд░рд╛рдЬ рдХреЗ рд╡рд┐рд╕рд░реНрдЬрди рдХрд╛ рд░рд╛рдЬ
   YouTube ID: jKhJZ3lMBww
   тЬЕ Generated successfully!
   ЁЯУЭ Added article ID 126: The Inner Ganesh Utsav: Invocation, Worship, and the Immersion of Ego
   тП▒я╕П Waiting 3s before next call... (37/156)

ЁЯФД Generating content for: рд╕реБрд░реНрдпрдорд╛рд░реНрдЧ рдФрд░ рдЪрдВрджреНрд░рдорд╛рд░реНрдЧ
   YouTube ID: hyVNnVSGGpc
   тЬЕ Generated successfully!
   тЪая╕П Skipped: Transcript is too short or missing (less than 100 characters)

ЁЯФД Generating content for: Maya Kya hai ? / рдорд╛рдпрд╛ рдХреНрдпрд╛ рд╣реИ ?
   YouTube ID: s4k1EBNfxKc
   тЬЕ Generated successfully!
   тЪая╕П Skipped: Transcript is too short or missing (less than 100 characters)

ЁЯФД Generating content for: рдореБрдХреНрддреА рдФрд░ рдореЛрдХреНрд╖ рдореЗрдВ рдХреНрдпрд╛ рдЕрдВрддрд░ рд╣реИ ?
   YouTube ID: IpyyntSSlGQ
   тЬЕ Generated successfully!
   тЪая╕П Skipped: Transcript is too short or missing (less than 100 characters)

ЁЯФД Generating content for: рдирд╛рд░рд╛рдпрдг рдпрд╛ рдирд╛рд░рд╛рдпрдгреА рд╕реЗрдирд╛ ?
   YouTube ID: zuCS7YPf7-8
   тЬЕ Generated successfully!
   тЪая╕П Skipped: Transcript is too short or missing (less than 100 characters)

ЁЯФД Generating content for: рд╢рд┐рд░рдбреА рдХреЗ рд╕рд╛рдИ рдордВрджрд┐рд░ рдореЗрдВ рд╣рд░ рджрд┐рди рд▓рд╛рдЦреЛрдВ рдХреА рднреАрдбрд╝ рдХреНрдпреЛрдВ рдЙрдордбрд╝рддреА рд╣реИ ?
   YouTube ID: tytTQBh4Z3w
   тЬЕ Generated successfully!
   тЪая╕П Skipped: Transcript is too short or missing (less than 100 characters)

ЁЯФД Generating content for: рджреНрд╡рд╛рд░ рджреНрд╡рд╛рд░ рднрдЯрдХреЗрдЧрд╛ рджреБрдГрдЦ рдмрдв рдЬрд╛рдпреЗрдЧрд╛
   YouTube ID: k2Uyvk_R0Q8
   тЬЕ Generated successfully!
   ЁЯУЭ Added article ID 127: The Sweetness of Being Destroyed: A Journey from Ego to Divinity
   ЁЯТ╛ Auto-saving progress...
   тП▒я╕П Waiting 3s before next call... (43/156)

ЁЯФД Generating content for: рдЕрдХрд░реНрддрд╛рдкрди рдХреЛ рдХреИрд╕реЗ рд╕рд╛рдзреЗ
   YouTube ID: tCxMAxsRu9o
   тЬЕ Generated successfully!
   ЁЯУЭ Added article ID 128: The Paradox of Non-Doership: From Effort to Surrender тАУ The Mystery of Pundalik RaoтАЩs Coconut
   тП▒я╕П Waiting 3s before next call... (44/156)

ЁЯФД Generating content for: How to avoid lust
   YouTube ID: 6lsw75zevAA
   тЬЕ Generated successfully!
   ЁЯУЭ Added article ID 129: The Secret of the Chickpeas: Mastering the Senses through Remembrance
   ЁЯТ╛ Auto-saving progress...
   тП▒я╕П Waiting 3s before next call... (45/156)

ЁЯФД Generating content for: рдЬрдм рд╕реБрдмрд╣ рдХреА рдЖрд░рддреА рдЦрддреНрдо рд╣реБрдИ рдФрд░ рдмрд╛рдмрд╛рдиреЗ рдЕрд╢реНрдирд╛рди рдХрд┐рдпрд╛ .....
   YouTube ID: D5uMrxMwq8k
   тЬЕ Generated successfully!
   ЁЯУЭ Added article ID 130: The Silent Trade: Offering Pebbles to Receive Jewels
   тП▒я╕П Waiting 3s before next call... (46/156)

ЁЯФД Generating content for: рд╕реНрд╡рдпрдВ рд╕рд╛рдИ рд╡рд╛рдгреА ... рд╕реНрд╡рд░реНрдЧ рдХрд┐рд╕реЗ рдХрд╣рддреЗ рд╣реИ ? Swarg and nark
   YouTube ID: IkKxPweXA_8
   тЬЕ Generated successfully!
   ЁЯУЭ Added article ID 131: Beyond the Gates of Pearl: Sai BabaтАЩs Revolutionary Definition of Heaven and Hell
   ЁЯТ╛ Auto-saving progress...
   тП▒я╕П Waiting 3s before next call... (47/156)

ЁЯФД Generating content for: рдХреНрдпрд╛ рд╕рд╛рдИрдмрд╛рдмрд╛ рдорд╛рдВрд╕ рдЦрд╛рддреЗ рдереЗ рдФрд░ рдЦрд┐рд▓рд╛рддреЗ рдереЗ ?
   YouTube ID: fmnXsMt2AHA
   тЬЕ Generated successfully!
   тЪая╕П Skipped: Transcript is too short or missing (less than 100 characters)

ЁЯФД Generating content for: рдЧреБрд░реБ рдкреМрд░реНрдгрд┐рдорд╛ рд╡рд┐рд╢реЗрд╖ - 7 рдкреНрд░рдХрд╛рд░ рдХреЗ рдЧреБрд░реБ
   YouTube ID: -sGaWGzwtAE
   тЬЕ Generated successfully!
   тЪая╕П Skipped: Transcript is too short or missing (less than 100 characters)

ЁЯФД Generating content for: рек рдореБрдХреНрддреА рдХреА рдЧрд╣рд░рд╛рдИ
   YouTube ID: PMVpws4_tI4
   тЬЕ Generated successfully!
   тЪая╕П Skipped: Transcript is too short or missing (less than 100 characters)

ЁЯФД Generating content for: рдХреНрдпрд╛ рд╣реИ ? - рдХрд░реНрдордпреЛрдЧ рднрдХреНрддреАрдпреЛрдЧ рдЬреНрдЮрд╛рдирдпреЛрдЧ рдзреНрдпрд╛рдирдпреЛрдЧ
   YouTube ID: K3MThehg5nI
   тЬЕ Generated successfully!
   тЪая╕П Skipped: Transcript is too short or missing (less than 100 characters)

ЁЯФД Generating content for: рд╕рд╛рдИ рдХреЗ 11 рд╡рдЪрди ( рдкрд╣рд▓реА рдмрд╛рд░ рд╕рд╣реА рд░реЛрд╢рдиреА рдореЗ )
   YouTube ID: y3dkutn74PA
   тЬЕ Generated successfully!
   тЪая╕П Skipped: Transcript is too short or missing (less than 100 characters)

ЁЯФД Generating content for: рдЪрд╛рд░ рдпреБрдЧ ( рд╕рд╛рдИ рдХреА рд░реЛрд╢рдиреА рдореЗрдВ )
   YouTube ID: uurqq2IFG20
   тЬЕ Generated successfully!
   тЪая╕П Skipped: Transcript is too short or missing (less than 100 characters)

ЁЯФД Generating content for: рдирд╡рд╡рд┐рдзрд╛ рднрдХреНрддреА рдирд╛ рд╕рд╣реА рдХреЗрд╡рд▓, рд╕рд╛рдИ рд╕рд╛рдИ рдХрд╛ рд░рдЯрди рд╕рд╣реА
   YouTube ID: Y3WELgIf0Gk
   тЬЕ Generated successfully!
   тЪая╕П Skipped: Transcript is too short or missing (less than 100 characters)

ЁЯФД Generating content for: рд╢реНрд░рд╡рдг - рдордирди - рдирд┐рджрд┐рдзреНрдпрд╛рд╕рди
   YouTube ID: 0yjXKdXE8Yo
   тЬЕ Generated successfully!
   тЪая╕П Skipped: Transcript is too short or missing (less than 100 characters)

ЁЯФД Generating content for: Jawar Alli and Saibaba's guru? - (The right skill to lay)
   YouTube ID: dsao2V2xYJI
   тЬЕ Generated successfully!
   тЪая╕П Skipped: Transcript is too short or missing (less than 100 characters)

ЁЯФД Generating content for: рд╕рд╛рдИрд╡рд╛рдгреА - рдЫрд┐рд▓рдХрд╛ рдореЗрд░рд╛ рдлрд▓ рддреБрдореНрд╣рд╛рд░рд╛
   YouTube ID: yzaJehHa1XI
   тЬЕ Generated successfully!
   тЪая╕П Skipped: Transcript is too short or missing (less than 100 characters)

ЁЯФД Generating content for: рд╢рд┐рд░рдбреА рдзрд╛рдо рдпрд╛рддреНрд░рд╛ рдФрд░ рдХреГрд╖реНрдгрд╛рдЬреА рдХрд╛ рд╕рддреНрд╕рдВрдЧ 19, 20, 21 рдЬреВрди 2024 рдХрд╛рд╢реА рдЕрдиреНрдирдкреВрд░реНрдгрд╛ рд╕рддреНрд░рдо, рд╢рд┐рд░рдбреА
   YouTube ID: SV6XfloPE8E
   тЬЕ Generated successfully!
   тЪая╕П Skipped: The transcript is too short and consists solely of a devotional invocation or prayer. It lacks a narrative story, specific spiritual teaching, or conflict/resolution structure required to generate a full Leela article without significant hallucination.

ЁЯФД Generating content for: рд╕рд╛рдИ рдмрд╛рдмрд╛ рддреЗрд▓реА рддрд╛рдВрдмреЛрд▓реАрдпреЛ рд╕реЗ рд╣рдореЗрд╢рд╛ рдХреНрдпреЛ рдирд╛рд░рд╛рдЬ рд░рд╣рддреЗ рдереЗ ?
   YouTube ID: zJoTfHKZTQs
   тЬЕ Generated successfully!
   тЪая╕П Skipped: Transcript is too short or missing (less than 100 characters)

ЁЯФД Generating content for: рдорд╣рд┐рдорд╛ рд╕рджреНрднрдХреНрдд рдХреЗ рд╕рд╣рд╡рд╛рд╕ рдХрд╛
   YouTube ID: Jx7c5eHPIW0
   тЬЕ Generated successfully!
   ЁЯУЭ Added article ID 132: The Shield of Satsang: Why Baba Sent Shama with Mirikar
   тП▒я╕П Waiting 3s before next call... (60/156)

ЁЯФД Generating content for: рд╕рд╛рдИ рдХрд╛ рднрд╡реНрдп рд╕рдорд╛рдзреА рдордВрджрд┐рд░ рдХрдЪрд░реЗ рдХреЗ рдвреЗрд░ рдкрд░ рдХреНрдпреЛ рд╣реИ ?
   YouTube ID: dpuaYLtMGr4
   тЬЕ Generated successfully!
   тЪая╕П Skipped: Transcript is too short or missing (less than 100 characters)

ЁЯФД Generating content for: Serving the Sadguru is not easy.
   YouTube ID: W5TsaIkBjGk
   тЬЕ Generated successfully!
   тЪая╕П Skipped: Transcript is too short or missing (less than 100 characters)

ЁЯФД Generating content for: Sai never encouraged non-vegetarianism!
   YouTube ID: aEIihzTfqMU
   тЬЕ Generated successfully!
   тЪая╕П Skipped: Transcript is too short or missing (less than 100 characters)

ЁЯФД Generating content for: рд╢реНрд░рд╡рдг рдХреЗ рджреЛрд╖ - рдЬрд┐рд╕рдХреЛ рд╕реБрдирдирд╛ рдЖрдЧрдпрд╛, рдЙрд╕рдХреЛ рдЬреАрдирд╛ рдЖрдЧрдпрд╛!
   YouTube ID: Rs3lTMCmLxA
   тЬЕ Generated successfully!
   тЪая╕П Skipped: Transcript is too short or missing (less than 100 characters)

ЁЯФД Generating content for: рд╕рд╛рдИ рдЬреИрд╕рд╛ рдЕрд╡рддрд╛рд░ рди рднреВрддреЛ рди рднрд╡рд┐рд╖реНрдпрддреА (рд╕рд╛рдИ рдХреА рд╡рд┐рд╢реЗрд╖рддрд╛рдП)
   YouTube ID: Ze1OTSMg4Gw
   тЬЕ Generated successfully!
   тЪая╕П Skipped: Transcript is too short or missing (less than 100 characters)

ЁЯФД Generating content for: рд▓рдХреНрд╖реНрдореАрдмрд╛рдИ рд╢рд┐рдВрджреЗрдЬреА рдХреЛ рдорд┐рд▓реЗ 9 рд╕рд┐рдХреНрдХреЛрдВ рдХрд╛ рд░рд╛рдЬ
   YouTube ID: tZp8xwyhnGU
   тЬЕ Generated successfully!
   ЁЯУЭ Added article ID 133: The Hidden Treasure of the Nine Coins: Unlocking the Nine Divine Virtues
   ЁЯТ╛ Auto-saving progress...
   тП▒я╕П Waiting 3s before next call... (66/156)

ЁЯФД Generating content for: рджреБрдГрдЦ рд╡реЛ рдЕрдореГрдд рд╣реИ , рдЬрд┐рд╕рд╕реЗ рдкрд╛рдк рдзреБрд▓рддреЗ рд╣реИ !
   YouTube ID: kdi6ShM5A78
   тЬЕ Generated successfully!
   ЁЯУЭ Added article ID 134: When Misery Becomes Nectar: The Alchemy of Repentance
   тП▒я╕П Waiting 3s before next call... (67/156)

ЁЯФД Generating content for: рдмреНрд░рдореНрд╣рд╛рдирдиреНрджрдВ рдкрд░рдорд╕реБрдЦрджрдВ (рд╢реНрд▓реЛрдХ рдХреА рд╡реНрдпрд╛рдЦреНрдпрд╛) рд╕рдЪреНрдЪрд╛ рд╕рджреНрдЧреБрд░реВ рдХреМрди ?
   YouTube ID: ugIaJSvQG4o
   тЬЕ Generated successfully!
   ЁЯУЭ Added article ID 135: The Mirror of Divinity: Decoding the True Marks of a Sadguru
   ЁЯТ╛ Auto-saving progress...
   тП▒я╕П Waiting 3s before next call... (68/156)

ЁЯФД Generating content for: рдЪрдорддреНрдХрд╛рд░ рдкреНрд░рд┐рдп рднрдХреНрдд рдпрд╛ рдЕрдЬреНрдЮрд╛рди рд╕реЗ рдкреАрдбрд┐рдд рднрдХреНрдд
   YouTube ID: fnFH6LU6Yp0
   тЬЕ Generated successfully!
   ЁЯУЭ Added article ID 136: Miracles vs. Purification: The Tale of Two Devotees
   тП▒я╕П Waiting 3s before next call... (69/156)

ЁЯФД Generating content for: рдордЯрдХрд╛ рдкреНрдпрд╛рд╕ рдмреБрдЭрд╛рдпреЗ рдХреИрд╕реЗ - рднрд╛рд╡рд╛рд░реНрде
   YouTube ID: QpZ_-Uls-cI
   тЬЕ Generated successfully!
   ЁЯУЭ Added article ID 137: The Clay Pot and the Broken Boat: Quenching the Soul's Eternal Thirst
   ЁЯТ╛ Auto-saving progress...
   тП▒я╕П Waiting 3s before next call... (70/156)

ЁЯФД Generating content for: рдЬреИрд╕реЗ рдХреЛ рддреИрд╕рд╛
   YouTube ID: KjGy8ptyHWw
   тЬЕ Generated successfully!
   ЁЯУЭ Added article ID 138: Two Coins, Two Hearts: The Mirror of Motives
   тП▒я╕П Waiting 3s before next call... (71/156)

ЁЯФД Generating content for: рд╕рджреНрд╡рд┐рдЪрд╛рд░ рдХреЛ рд╕рддреНрдХрд░реНрдо рдмрдирд╛рдиреЗрдореЗ рджреЗрд░реА рдирд╛ рдХрд░реЗрдВ
   YouTube ID: TpTgZB2OW10
   тЬЕ Generated successfully!
   ЁЯУЭ Added article ID 139: The Ten-Rupee Promise: Closing the Gap Between Intention and Action
   ЁЯТ╛ Auto-saving progress...
   тП▒я╕П Waiting 3s before next call... (72/156)

ЁЯФД Generating content for: рд╕рд╛рдИрдмрд╛рдмрд╛ рдХреИрд╕реЗ рдПрдХ рд╕реНрд╡рд╛рд░реНрдереА рдХреЛ рдкрд░рдорд╛рд░реНрдереА рдмрдирд╛рддреЗ рд╣реИ ?
   YouTube ID: Lr8x6cR4658
   тЬЕ Generated successfully!
   ЁЯУЭ Added article ID 140: The Madrasi Bhajan Mela: Chains of Greed and the Freedom of Faith
   тП▒я╕П Waiting 3s before next call... (73/156)

ЁЯФД Generating content for: рд╢рд┐рд░рдбреА рдореЗ 3 рд░рд╛рдд рд░реБрдХрдиреЗ рдХрд╛ рдорд╣рддреНрд╡ !!!
   YouTube ID: sdkXcFshLMQ
   тЬЕ Generated successfully!
   ЁЯУЭ Added article ID 141: The Esoteric Secret of Three Nights in Shirdi and the True Parikrama
   ЁЯТ╛ Auto-saving progress...
   тП▒я╕П Waiting 3s before next call... (74/156)

ЁЯФД Generating content for: рд╢рд┐рд░рдбреА рддреБрдореНрд╣рд╛рд░реЗ рдЕрдВрджрд░ рд╣реИ (рднрд╛рд╡рд╛рд░реНрде) / Shirdi Tumhare Andar hai ( Spiritual Meaning )
   YouTube ID: kUB7-VnMZQQ
   тЬЕ Generated successfully!
   ЁЯУЭ Added article ID 142: From the Drop to the Ocean: Awakening the Shirdi Within
   тП▒я╕П Waiting 3s before next call... (75/156)

ЁЯФД Generating content for: рд╕рд╛рдИрдмрд╛рдмрд╛ рднрдХреНрддреЛ рдХреЛ рдЙрдкрд╡рд╛рд╕ рдХреНрдпреЛ рдирд╣реА рдХрд░рдиреЗ рджреЗрддреЗ ?
   YouTube ID: fNSFlxFDvJ0
   тЬЕ Generated successfully!
   ЁЯУЭ Added article ID 143: The Spiritual Trap of Starvation: Why Sai Baba Forbade Fasting
   ЁЯТ╛ Auto-saving progress...
   тП▒я╕П Waiting 3s before next call... (76/156)

ЁЯФД Generating content for: рдЬрд╛рдирдХрд╛рд░реА рдХрднреА рднреА 'рдЬреНрдЮрд╛рди' рдирд╣реА рд╣реЛрддрд╛ !
   YouTube ID: eMM_eFO08PA
   тЬЕ Generated successfully!
   ЁЯУЭ Added article ID 144: The Seven Lines of Arrogance: Distinguishing Information from True Wisdom
   тП▒я╕П Waiting 3s before next call... (77/156)

ЁЯФД Generating content for: рд╕рдЬреНрдЬрди рдХреА рдкреАрдврд╝рд╛ рднрд▓реА.......
   YouTube ID: pQC6MTL6Dz0
   тЬЕ Generated successfully!
   ЁЯУЭ Added article ID 145: The Scorching Sun and the Rain of Grace: The Hidden Blessing in the Harshness of the Righteous
   ЁЯТ╛ Auto-saving progress...
   тП▒я╕П Waiting 3s before next call... (78/156)

ЁЯФД Generating content for: рд╕рджреНрдЧреБрд░реВ рд╕рд╛рдИ рдХреЛ рд╣рдордиреЗ рдПрдХ рдорд╛рдореВрд▓реА рдмрдВрдЬрд╛рд░рд╛ рдмрдирд╛ рджрд┐рдпрд╛
   YouTube ID: pVeL66yGv1w
